[START][2025-05-02 12:00:39] LSP logging initiated
[ERROR][2025-05-02 12:00:39] ...lsp/handlers.lua:562	"2025/05/02 12:00:39 signature help failed: cannot get type for Fun *ast.SelectorExpr (&{store GetLeague})\n\tposition=131:24\n"
[ERROR][2025-05-02 12:15:16] ...lsp/handlers.lua:562	"2025/05/02 12:15:16 signature help failed: cannot get type for Fun *ast.Ident (assertLeague)\n\tposition=144:14\n"
[ERROR][2025-05-02 12:15:18] ...lsp/handlers.lua:562	"2025/05/02 12:15:18 signature help failed: cannot get type for Fun *ast.Ident (assertLeague)\n\tposition=144:17\n"
[ERROR][2025-05-02 12:40:32] ...lsp/handlers.lua:562	"2025/05/02 12:40:32 no completions found: getting file file:///home/khel/KhelDev/go/learning_go/simpleApi/filesystem_store.go for Completion: <nil> (package completions: invalid position for package completion: cursor in non-matching ident)\n\tposition=0:1\n"
[ERROR][2025-05-02 12:40:32] ...lsp/handlers.lua:562	"2025/05/02 12:40:32 no completions found: getting file file:///home/khel/KhelDev/go/learning_go/simpleApi/filesystem_store.go for Completion: <nil> (package completions: invalid position for package completion: cursor in non-matching ident)\n\tposition=0:2\n"
[ERROR][2025-05-02 12:40:33] ...lsp/handlers.lua:562	"2025/05/02 12:40:33 no completions found: getting file file:///home/khel/KhelDev/go/learning_go/simpleApi/filesystem_store.go for Completion: <nil> (package completions: invalid position for package completion: cursor in non-matching ident)\n\tposition=0:1\n"
[ERROR][2025-05-02 12:41:25] ...lsp/handlers.lua:562	"2025/05/02 12:41:25 no completions found: getting file file:///home/khel/KhelDev/go/learning_go/simpleApi/filesystem_store_test.go for Completion: <nil> (package completions: context canceled)\n\tposition=0:8\n"
[ERROR][2025-05-02 13:21:12] ...lsp/handlers.lua:562	"2025/05/02 13:21:12 signature help failed: cannot get type for Fun *ast.SelectorExpr (&{store GetPlayerScore})\n\tposition=38:30\n"
[ERROR][2025-05-02 13:21:20] ...lsp/handlers.lua:562	"2025/05/02 13:21:20 signature help failed: cannot get type for Fun *ast.SelectorExpr (&{store GetPlayerScore})\n\tposition=38:30\n"
[ERROR][2025-05-02 13:32:09] ...lsp/handlers.lua:562	"2025/05/02 13:32:09 signature help failed: cannot get type for Fun *ast.Ident (assertScoreEquals)\n\tposition=43:20\n"
[ERROR][2025-05-02 13:32:16] ...lsp/handlers.lua:562	"2025/05/02 13:32:16 signature help failed: cannot get type for Fun *ast.Ident (assertScoreEquals)\n\tposition=43:23\n"
[ERROR][2025-05-02 13:37:07] ...lsp/handlers.lua:562	"2025/05/02 13:37:07 signature help failed: cannot get type for Fun *ast.SelectorExpr (&{store RecordWin})\n\tposition=42:18\n"
[ERROR][2025-05-02 13:37:22] ...lsp/handlers.lua:562	"2025/05/02 13:37:22 signature help failed: cannot get type for Fun *ast.SelectorExpr (&{store RecordWin})\n\tposition=42:18\n"
[ERROR][2025-05-02 13:40:03] ...lsp/handlers.lua:562	"2025/05/02 13:40:03 signature help failed: cannot get type for Fun *ast.Ident (assertScoreEquals)\n\tposition=47:20\n"
[ERROR][2025-05-02 13:40:11] ...lsp/handlers.lua:562	"2025/05/02 13:40:11 signature help failed: cannot get type for Fun *ast.Ident (assertScoreEquals)\n\tposition=47:20\n"
[ERROR][2025-05-02 13:40:13] ...lsp/handlers.lua:562	"2025/05/02 13:40:13 signature help failed: cannot get type for Fun *ast.Ident (assertScoreEquals)\n\tposition=47:23\n"
[ERROR][2025-05-02 17:09:41] ...lsp/handlers.lua:562	"2025/05/02 17:09:41 signature help failed: cannot get type for Fun *ast.SelectorExpr (&{os createTempFile})\n\tposition=53:19\n"
[ERROR][2025-05-02 17:09:51] ...lsp/handlers.lua:562	"2025/05/02 17:09:51 signature help failed: cannot get type for Fun *ast.SelectorExpr (&{os createTempFile})\n\tposition=53:22\n"
[ERROR][2025-05-02 17:09:52] ...lsp/handlers.lua:562	"2025/05/02 17:09:52 signature help failed: cannot get type for Fun *ast.SelectorExpr (&{os createTempFile})\n\tposition=53:23\n"
[ERROR][2025-05-02 17:11:22] ...lsp/handlers.lua:562	"2025/05/02 17:11:22 signature help failed: cannot get type for Fun *ast.SelectorExpr (&{t fatal})\n\tposition=57:10\n"
[ERROR][2025-05-02 17:11:23] ...lsp/handlers.lua:562	"2025/05/02 17:11:23 signature help failed: cannot get type for Fun *ast.SelectorExpr (&{t fatal})\n\tposition=57:10\n"
[ERROR][2025-05-02 17:11:29] ...lsp/handlers.lua:562	"2025/05/02 17:11:29 signature help failed: cannot get type for Fun *ast.SelectorExpr (&{t fatal})\n\tposition=57:10\n"
[ERROR][2025-05-02 17:11:56] ...lsp/handlers.lua:562	"2025/05/02 17:11:56 signature help failed: cannot get type for Fun *ast.SelectorExpr (&{t fatalf})\n\tposition=57:45\n"
[ERROR][2025-05-02 17:11:56] ...lsp/handlers.lua:562	"2025/05/02 17:11:56 signature help failed: cannot get type for Fun *ast.SelectorExpr (&{t fatalf})\n\tposition=57:46\n"
[ERROR][2025-05-02 17:13:26] ...lsp/handlers.lua:562	"2025/05/02 17:13:26 signature help failed: cannot get type for Fun *ast.SelectorExpr (&{tempFile removeFile})\n\tposition=62:23\n"
[ERROR][2025-05-02 17:23:08] ...lsp/handlers.lua:562	"2025/05/02 17:23:08 signature help failed: cannot get type for Fun *ast.Ident (createTempFile)\n\tposition=15:33\n"
[ERROR][2025-05-02 17:31:05] ...lsp/handlers.lua:562	"2025/05/02 17:31:05 signature help failed: cannot get type for Fun *ast.Ident (cleanDatabase)\n\tposition=14:26\n"
[ERROR][2025-05-02 17:31:14] ...lsp/handlers.lua:562	"2025/05/02 17:31:14 signature help failed: cannot get type for Fun *ast.SelectorExpr (&{cleanDatabase Close})\n\tposition=16:22\n"
[START][2025-05-02 22:59:51] LSP logging initiated
[ERROR][2025-05-02 22:59:51] ...lsp/handlers.lua:562	"2025/05/02 22:59:51 signature help failed: call operand is not a func or type: *ast.SelectorExpr (&{f database})\n\tposition=36:12\n"
[START][2025-05-03 21:39:46] LSP logging initiated
[ERROR][2025-05-03 21:39:46] ...lsp/handlers.lua:562	"2025/05/03 21:39:46 signature help failed: call operand is not a func or type: *ast.Ident (append)\n\tposition=35:32\n"
[ERROR][2025-05-03 21:39:46] ...lsp/handlers.lua:562	"2025/05/03 21:39:46 signature help failed: call operand is not a func or type: *ast.Ident (append)\n\tposition=35:33\n"
[ERROR][2025-05-03 21:39:47] ...lsp/handlers.lua:562	"2025/05/03 21:39:47 signature help failed: call operand is not a func or type: *ast.Ident (append)\n\tposition=35:33\n"
[ERROR][2025-05-03 21:52:33] ...lsp/handlers.lua:562	"2025/05/03 21:52:33 signature help failed: cannot get type for Fun *ast.Ident (os)\n\tposition=11:14\n"
[ERROR][2025-05-03 21:52:34] ...lsp/handlers.lua:562	"2025/05/03 21:52:34 signature help failed: cannot get type for Fun *ast.Ident (os)\n\tposition=11:14\n"
[ERROR][2025-05-03 21:53:34] ...lsp/handlers.lua:562	"2025/05/03 21:53:34 signature help failed: call operand is not a func or type: *ast.Ident (close)\n\tposition=13:13\n"
[ERROR][2025-05-03 22:50:57] ...lsp/handlers.lua:562	"2025/05/03 22:50:57 signature help failed: call operand is not a func or type: *ast.Ident (append)\n\tposition=41:18\n"
[START][2025-05-04 18:04:56] LSP logging initiated
[ERROR][2025-05-04 18:04:56] ...lsp/handlers.lua:562	"2025/05/04 18:04:56 no completions found: getting file file:///home/khel/KhelDev/go/learning_go/simpleApi/tape.go for Completion: <nil> (package completions: invalid position for package completion: cursor after expression)\n\tposition=0:14\n"
[ERROR][2025-05-04 19:13:45] ...lsp/handlers.lua:562	"2025/05/04 19:13:45 signature help failed: cannot get type for Fun *ast.Ident (tape)\n\tposition=11:7\n"
[ERROR][2025-05-04 19:20:13] ...lsp/handlers.lua:562	"2025/05/04 19:20:13 no completions found: getting file file:///home/khel/KhelDev/go/learning_go/simpleApi/tape_test.go for Completion: <nil> (package completions: invalid position for package completion: cursor in non-matching ident)\n\tposition=0:6\n"
[ERROR][2025-05-04 19:20:14] ...lsp/handlers.lua:562	"2025/05/04 19:20:14 no completions found: getting file file:///home/khel/KhelDev/go/learning_go/simpleApi/tape_test.go for Completion: <nil> (package completions: invalid position for package completion: cursor in non-matching ident)\n\tposition=0:6\n"
[ERROR][2025-05-04 19:20:14] ...lsp/handlers.lua:562	"2025/05/04 19:20:14 no completions found: getting file file:///home/khel/KhelDev/go/learning_go/simpleApi/tape_test.go for Completion: <nil> (package completions: invalid position for package completion: cursor in non-matching ident)\n\tposition=0:7\n"
[ERROR][2025-05-04 19:20:14] ...lsp/handlers.lua:562	"2025/05/04 19:20:14 no completions found: getting file file:///home/khel/KhelDev/go/learning_go/simpleApi/tape_test.go for Completion: <nil> (package completions: invalid position for package completion: cursor in non-matching ident)\n\tposition=0:8\n"
[ERROR][2025-05-04 19:20:15] ...lsp/handlers.lua:562	"2025/05/04 19:20:15 no completions found: getting file file:///home/khel/KhelDev/go/learning_go/simpleApi/tape_test.go for Completion: <nil> (package completions: invalid position for package completion: cursor after expression)\n\tposition=0:10\n"
[ERROR][2025-05-04 19:20:15] ...lsp/handlers.lua:562	"2025/05/04 19:20:15 no completions found: getting file file:///home/khel/KhelDev/go/learning_go/simpleApi/tape_test.go for Completion: <nil> (package completions: invalid position for package completion: cursor after expression)\n\tposition=0:11\n"
[ERROR][2025-05-04 19:20:15] ...lsp/handlers.lua:562	"2025/05/04 19:20:15 no completions found: getting file file:///home/khel/KhelDev/go/learning_go/simpleApi/tape_test.go for Completion: <nil> (package completions: invalid position for package completion: cursor after expression)\n\tposition=0:12\n"
[ERROR][2025-05-04 19:20:15] ...lsp/handlers.lua:562	"2025/05/04 19:20:15 no completions found: getting file file:///home/khel/KhelDev/go/learning_go/simpleApi/tape_test.go for Completion: <nil> (package completions: invalid position for package completion: cursor after expression)\n\tposition=0:13\n"
[ERROR][2025-05-04 19:20:18] ...lsp/handlers.lua:562	"2025/05/04 19:20:18 no completions found: getting file file:///home/khel/KhelDev/go/learning_go/simpleApi/tape_test.go for Completion: <nil> (package completions: invalid position for package completion: cursor in non-matching ident)\n\tposition=0:3\n"
[ERROR][2025-05-04 19:20:18] ...lsp/handlers.lua:562	"2025/05/04 19:20:18 no completions found: getting file file:///home/khel/KhelDev/go/learning_go/simpleApi/tape_test.go for Completion: <nil> (package completions: invalid position for package completion: cursor in non-matching ident)\n\tposition=0:4\n"
[ERROR][2025-05-04 19:20:18] ...lsp/handlers.lua:562	"2025/05/04 19:20:18 no completions found: getting file file:///home/khel/KhelDev/go/learning_go/simpleApi/tape_test.go for Completion: <nil> (package completions: invalid position for package completion: cursor in non-matching ident)\n\tposition=0:5\n"
[ERROR][2025-05-04 19:20:18] ...lsp/handlers.lua:562	"2025/05/04 19:20:18 no completions found: getting file file:///home/khel/KhelDev/go/learning_go/simpleApi/tape_test.go for Completion: <nil> (package completions: invalid position for package completion: cursor in non-matching ident)\n\tposition=0:6\n"
[ERROR][2025-05-04 19:20:19] ...lsp/handlers.lua:562	"2025/05/04 19:20:19 no completions found: getting file file:///home/khel/KhelDev/go/learning_go/simpleApi/tape_test.go for Completion: <nil> (package completions: invalid position for package completion: cursor in non-matching ident)\n\tposition=0:5\n"
[ERROR][2025-05-04 19:20:19] ...lsp/handlers.lua:562	"2025/05/04 19:20:19 no completions found: getting file file:///home/khel/KhelDev/go/learning_go/simpleApi/tape_test.go for Completion: <nil> (package completions: invalid position for package completion: cursor in non-matching ident)\n\tposition=0:4\n"
[ERROR][2025-05-04 19:20:19] ...lsp/handlers.lua:562	"2025/05/04 19:20:19 no completions found: getting file file:///home/khel/KhelDev/go/learning_go/simpleApi/tape_test.go for Completion: <nil> (package completions: invalid position for package completion: cursor in non-matching ident)\n\tposition=0:3\n"
[ERROR][2025-05-04 20:00:15] ...lsp/handlers.lua:562	"2025/05/04 20:00:15 signature help failed: cannot get type for Fun *ast.SelectorExpr (&{0xc01297d4d0 Encode})\n\tposition=45:19\n"
[ERROR][2025-05-04 20:37:27] ...lsp/handlers.lua:562	"2025/05/04 20:37:27 signature help failed: cannot get type for Fun *ast.Ident (assertNoError)\n\tposition=82:16\n"
[ERROR][2025-05-04 20:44:56] ...lsp/handlers.lua:562	"2025/05/04 20:44:56 signature help failed: cannot get type for Fun *ast.Ident (createTempFile)\n\tposition=95:36\n"
[ERROR][2025-05-04 20:46:07] ...lsp/handlers.lua:562	"2025/05/04 20:46:07 signature help failed: cannot get type for Fun *ast.Ident (assertNoError)\n\tposition=101:16\n"
[ERROR][2025-05-04 21:05:07] ...lsp/handlers.lua:562	"2025/05/04 21:05:07 signature help failed: call operand is not a func or type: *ast.Ident (len)\n\tposition=119:14\n"
[ERROR][2025-05-04 21:30:52] ...lsp/handlers.lua:562	"2025/05/04 21:30:52 no completions found: getting file file:///home/khel/KhelDev/go/learning_go/simpleApi/filesystem_store.go for Completion: context canceled (package completions: context canceled)\n\tposition=0:8\n"
[ERROR][2025-05-04 21:31:26] ...lsp/handlers.lua:562	"2025/05/04 21:31:26 no highlight: getting package for Highlight: no package metadata for file file:///home/khel/KhelDev/go/learning_go/simpleApi/main.go\n"
[ERROR][2025-05-04 21:31:28] ...lsp/handlers.lua:562	"2025/05/04 21:31:28 no highlight: getting package for Highlight: no package metadata for file file:///home/khel/KhelDev/go/learning_go/simpleApi/main.go\n"
[ERROR][2025-05-04 21:31:36] ...lsp/handlers.lua:562	"2025/05/04 21:31:36 no highlight: getting package for Highlight: no package metadata for file file:///home/khel/KhelDev/go/learning_go/simpleApi/main.go\n"
[START][2025-05-04 21:31:55] LSP logging initiated
[ERROR][2025-05-04 21:31:55] ...lsp/handlers.lua:562	"2025/05/04 21:31:55 no completions found: getting file file:///home/khel/KhelDev/go/learning_go/simpleApi/tape_test.go for Completion: context canceled (package completions: context canceled)\n\tposition=0:8\n"
[ERROR][2025-05-04 21:32:07] ...lsp/handlers.lua:562	"2025/05/04 21:32:07 no completions found: getting file file:///home/khel/KhelDev/go/learning_go/simpleApi/tape.go for Completion: context canceled (package completions: context canceled)\n\tposition=0:8\n"
[ERROR][2025-05-04 21:32:17] ...lsp/handlers.lua:562	"2025/05/04 21:32:17 no completions found: getting file file:///home/khel/KhelDev/go/learning_go/simpleApi/in_memory_player_store.go for Completion: context canceled (package completions: context canceled)\n\tposition=0:8\n"
[ERROR][2025-05-04 21:32:37] ...lsp/handlers.lua:562	"2025/05/04 21:32:37 no completions found: getting file file:///home/khel/KhelDev/go/learning_go/simpleApi/server_test.go for Completion: <nil> (package completions: context canceled)\n\tposition=0:8\n"
[ERROR][2025-05-04 21:32:55] ...lsp/handlers.lua:562	"2025/05/04 21:32:55 no completions found: getting file file:///home/khel/KhelDev/go/learning_go/simpleApi/server_integration_test.go for Completion: context canceled (package completions: context canceled)\n\tposition=0:8\n"
[ERROR][2025-05-04 21:33:23] ...lsp/handlers.lua:562	"2025/05/04 21:33:23 signature help failed: cannot get type for Fun *ast.Ident (poker)\n\tposition=18:21\n"
[START][2025-05-05 17:37:31] LSP logging initiated
[ERROR][2025-05-05 17:37:31] ...lsp/handlers.lua:562	"2025/05/05 17:37:31 no completions found: getting file file:///home/khel/KhelDev/go/learning_go/simpleApi/cmd/cli/main.go for Completion: <nil> (package completions: invalid position for package completion: cursor in non-matching ident)\n\tposition=0:6\n"
[ERROR][2025-05-05 17:37:31] ...lsp/handlers.lua:562	"2025/05/05 17:37:31 no completions found: getting file file:///home/khel/KhelDev/go/learning_go/simpleApi/cmd/cli/main.go for Completion: <nil> (package completions: invalid position for package completion: cursor in non-matching ident)\n\tposition=0:5\n"
[ERROR][2025-05-05 17:37:31] ...lsp/handlers.lua:562	"2025/05/05 17:37:31 no completions found: getting file file:///home/khel/KhelDev/go/learning_go/simpleApi/cmd/cli/main.go for Completion: <nil> (package completions: invalid position for package completion: cursor in non-matching ident)\n\tposition=0:4\n"
[ERROR][2025-05-05 17:37:31] ...lsp/handlers.lua:562	"2025/05/05 17:37:31 no completions found: getting file file:///home/khel/KhelDev/go/learning_go/simpleApi/cmd/cli/main.go for Completion: <nil> (package completions: invalid position for package completion: cursor in non-matching ident)\n\tposition=0:3\n"
[ERROR][2025-05-05 17:42:07] ...lsp/handlers.lua:562	"2025/05/05 17:42:07 signature help failed: cannot get type for Fun *ast.SelectorExpr (&{cli PlayPoker})\n\tposition=7:15\n"
[ERROR][2025-05-05 17:44:43] ...lsp/handlers.lua:562	"2025/05/05 17:44:43 no completions found: getting file file:///home/khel/KhelDev/go/learning_go/simpleApi/CLI.go for Completion: <nil> (package completions: invalid position for package completion: cursor in non-matching ident)\n\tposition=0:1\n"
[ERROR][2025-05-05 17:44:43] ...lsp/handlers.lua:562	"2025/05/05 17:44:43 no completions found: getting file file:///home/khel/KhelDev/go/learning_go/simpleApi/CLI.go for Completion: <nil> (package completions: invalid position for package completion: cursor in non-matching ident)\n\tposition=0:2\n"
[ERROR][2025-05-05 17:44:44] ...lsp/handlers.lua:562	"2025/05/05 17:44:44 no completions found: getting file file:///home/khel/KhelDev/go/learning_go/simpleApi/CLI.go for Completion: <nil> (package completions: invalid position for package completion: cursor in non-matching ident)\n\tposition=0:1\n"
[START][2025-05-05 19:54:16] LSP logging initiated
[ERROR][2025-05-05 19:54:16] ...lsp/handlers.lua:562	"2025/05/05 19:54:16 signature help failed: cannot get type for Fun *ast.Ident (poker)\n\tposition=19:48\n"
[ERROR][2025-05-05 19:54:17] ...lsp/handlers.lua:562	"2025/05/05 19:54:17 signature help failed: cannot get type for Fun *ast.Ident (poker)\n\tposition=19:48\n"
[ERROR][2025-05-05 19:54:23] ...lsp/handlers.lua:562	"2025/05/05 19:54:23 signature help failed: cannot get type for Fun *ast.Ident (poker)\n\tposition=19:48\n"
[START][2025-05-07 18:02:39] LSP logging initiated
[ERROR][2025-05-07 18:02:39] ...lsp/handlers.lua:562	"2025/05/07 18:02:39 signature help failed: call operand is not a func or type: *ast.Ident (len)\n\tposition=36:9\n"
[ERROR][2025-05-07 18:02:40] ...lsp/handlers.lua:562	"2025/05/07 18:02:40 signature help failed: call operand is not a func or type: *ast.Ident (len)\n\tposition=36:9\n"
[ERROR][2025-05-07 18:07:28] ...lsp/handlers.lua:562	"2025/05/07 18:07:28 signature help failed: call operand is not a func or type: *ast.Ident (append)\n\tposition=19:48\n"
[ERROR][2025-05-07 18:07:57] ...lsp/handlers.lua:562	"2025/05/07 18:07:57 signature help failed: call operand is not a func or type: *ast.Ident (append)\n\tposition=20:15\n"
[ERROR][2025-05-07 18:07:58] ...lsp/handlers.lua:562	"2025/05/07 18:07:58 signature help failed: call operand is not a func or type: *ast.Ident (append)\n\tposition=21:10\n"
[ERROR][2025-05-07 18:08:05] ...lsp/handlers.lua:562	"2025/05/07 18:08:05 signature help failed: call operand is not a func or type: *ast.Ident (append)\n\tposition=18:28\n"
[ERROR][2025-05-07 18:08:06] ...lsp/handlers.lua:562	"2025/05/07 18:08:06 signature help failed: call operand is not a func or type: *ast.Ident (append)\n\tposition=18:29\n"
[ERROR][2025-05-07 18:08:14] ...lsp/handlers.lua:562	"2025/05/07 18:08:14 signature help failed: call operand is not a func or type: *ast.Ident (append)\n\tposition=21:4\n"
[ERROR][2025-05-07 18:08:19] ...lsp/handlers.lua:562	"2025/05/07 18:08:19 signature help failed: call operand is not a func or type: *ast.Ident (append)\n\tposition=21:4\n"
[ERROR][2025-05-07 18:09:57] ...lsp/handlers.lua:562	"2025/05/07 18:09:57 signature help failed: call operand is not a func or type: *ast.Ident (len)\n\tposition=55:9\n"
